<?xml version="1.0" encoding="UTF-8"?>
<!-- Generated by org.testng.reporters.JUnitXMLReporter -->
<testsuite ignored="0" hostname="LAPTOP-E5IJJGDG" failures="0" tests="2" name="Error Validations Test" time="15.593" errors="0" timestamp="2024-04-07T22:52:54 IST">
  <testcase classname="rahulshettyacademy.tests.ErrorValidationsTest" name="LoginErrorValidation" time="1.539"/>
  <testcase classname="rahulshettyacademy.tests.ErrorValidationsTest" name="ProductErrorValidation" time="3.122"/>
</testsuite> <!-- Error Validations Test -->
