<?xml version="1.0" encoding="UTF-8"?>
<testng-results ignored="0" total="5" passed="5" failed="0" skipped="0">
  <reporter-output>
  </reporter-output>
  <suite started-at="2024-04-07T22:52:38 IST" name="Suite" finished-at="2024-04-07T22:53:09 IST" duration-ms="31382">
    <groups>
      <group name="ErrorHandling">
        <method signature="ErrorValidationsTest.LoginErrorValidation()[pri:0, instance:rahulshettyacademy.tests.ErrorValidationsTest@1f9f6368]" name="LoginErrorValidation" class="rahulshettyacademy.tests.ErrorValidationsTest"/>
      </group> <!-- ErrorHandling -->
      <group name="Purchase">
        <method signature="SubmitOrderTest.submitOrder(java.util.HashMap)[pri:0, instance:rahulshettyacademy.tests.SubmitOrderTest@480d3575]" name="submitOrder" class="rahulshettyacademy.tests.SubmitOrderTest"/>
      </group> <!-- Purchase -->
    </groups>
    <test started-at="2024-04-07T22:52:38 IST" name="Error Validations Test" finished-at="2024-04-07T22:52:54 IST" duration-ms="15593">
      <class name="rahulshettyacademy.tests.ErrorValidationsTest">
        <test-method is-config="true" signature="launchApplication()[pri:0, instance:rahulshettyacademy.tests.ErrorValidationsTest@1f9f6368]" started-at="2024-04-07T22:52:38 IST" name="launchApplication" finished-at="2024-04-07T22:52:43 IST" duration-ms="5416" status="PASS">
          <reporter-output>
          </reporter-output>
        </test-method> <!-- launchApplication -->
        <test-method signature="LoginErrorValidation()[pri:0, instance:rahulshettyacademy.tests.ErrorValidationsTest@1f9f6368]" started-at="2024-04-07T22:52:43 IST" name="LoginErrorValidation" finished-at="2024-04-07T22:52:45 IST" duration-ms="1539" status="PASS">
          <reporter-output>
          </reporter-output>
        </test-method> <!-- LoginErrorValidation -->
        <test-method is-config="true" signature="tearDown()[pri:0, instance:rahulshettyacademy.tests.ErrorValidationsTest@1f9f6368]" started-at="2024-04-07T22:52:45 IST" name="tearDown" finished-at="2024-04-07T22:52:45 IST" duration-ms="271" status="PASS">
          <reporter-output>
          </reporter-output>
        </test-method> <!-- tearDown -->
        <test-method is-config="true" signature="launchApplication()[pri:0, instance:rahulshettyacademy.tests.ErrorValidationsTest@1f9f6368]" started-at="2024-04-07T22:52:45 IST" name="launchApplication" finished-at="2024-04-07T22:52:50 IST" duration-ms="4540" status="PASS">
          <reporter-output>
          </reporter-output>
        </test-method> <!-- launchApplication -->
        <test-method signature="ProductErrorValidation()[pri:0, instance:rahulshettyacademy.tests.ErrorValidationsTest@1f9f6368]" started-at="2024-04-07T22:52:50 IST" name="ProductErrorValidation" finished-at="2024-04-07T22:52:53 IST" duration-ms="3122" status="PASS">
          <reporter-output>
          </reporter-output>
        </test-method> <!-- ProductErrorValidation -->
        <test-method is-config="true" signature="tearDown()[pri:0, instance:rahulshettyacademy.tests.ErrorValidationsTest@1f9f6368]" started-at="2024-04-07T22:52:53 IST" name="tearDown" finished-at="2024-04-07T22:52:54 IST" duration-ms="597" status="PASS">
          <reporter-output>
          </reporter-output>
        </test-method> <!-- tearDown -->
      </class> <!-- rahulshettyacademy.tests.ErrorValidationsTest -->
    </test> <!-- Error Validations Test -->
    <test started-at="2024-04-07T22:52:38 IST" name="Submit Order Test" finished-at="2024-04-07T22:53:09 IST" duration-ms="31382">
      <class name="rahulshettyacademy.tests.SubmitOrderTest">
        <test-method is-config="true" signature="launchApplication()[pri:0, instance:rahulshettyacademy.tests.SubmitOrderTest@480d3575]" started-at="2024-04-07T22:52:39 IST" name="launchApplication" finished-at="2024-04-07T22:52:46 IST" duration-ms="7587" status="PASS">
          <reporter-output>
          </reporter-output>
        </test-method> <!-- launchApplication -->
        <test-method signature="submitOrder(java.util.HashMap)[pri:0, instance:rahulshettyacademy.tests.SubmitOrderTest@480d3575]" started-at="2024-04-07T22:52:46 IST" name="submitOrder" data-provider="getData" finished-at="2024-04-07T22:52:51 IST" duration-ms="4517" status="PASS">
          <params>
            <param index="0">
              <value>
                <![CDATA[{password=abacAcab123$, product=ZARA COAT 3, email=abhi@access.com}]]>
              </value>
            </param>
          </params>
          <reporter-output>
          </reporter-output>
        </test-method> <!-- submitOrder -->
        <test-method is-config="true" signature="tearDown()[pri:0, instance:rahulshettyacademy.tests.SubmitOrderTest@480d3575]" started-at="2024-04-07T22:52:51 IST" name="tearDown" finished-at="2024-04-07T22:52:51 IST" duration-ms="409" status="PASS">
          <reporter-output>
          </reporter-output>
        </test-method> <!-- tearDown -->
        <test-method is-config="true" signature="launchApplication()[pri:0, instance:rahulshettyacademy.tests.SubmitOrderTest@480d3575]" started-at="2024-04-07T22:52:51 IST" name="launchApplication" finished-at="2024-04-07T22:53:00 IST" duration-ms="9108" status="PASS">
          <reporter-output>
          </reporter-output>
        </test-method> <!-- launchApplication -->
        <test-method signature="submitOrder(java.util.HashMap)[pri:0, instance:rahulshettyacademy.tests.SubmitOrderTest@480d3575]" started-at="2024-04-07T22:53:00 IST" name="submitOrder" data-provider="getData" finished-at="2024-04-07T22:53:05 IST" duration-ms="4286" status="PASS">
          <params>
            <param index="0">
              <value>
                <![CDATA[{password=Iamking@000, product=IPHONE 13 PRO, email=shetty@gmail.com}]]>
              </value>
            </param>
          </params>
          <reporter-output>
          </reporter-output>
        </test-method> <!-- submitOrder -->
        <test-method is-config="true" signature="tearDown()[pri:0, instance:rahulshettyacademy.tests.SubmitOrderTest@480d3575]" started-at="2024-04-07T22:53:05 IST" name="tearDown" finished-at="2024-04-07T22:53:05 IST" duration-ms="571" status="PASS">
          <reporter-output>
          </reporter-output>
        </test-method> <!-- tearDown -->
        <test-method is-config="true" signature="launchApplication()[pri:0, instance:rahulshettyacademy.tests.SubmitOrderTest@480d3575]" started-at="2024-04-07T22:53:05 IST" name="launchApplication" finished-at="2024-04-07T22:53:08 IST" duration-ms="2951" status="PASS">
          <reporter-output>
          </reporter-output>
        </test-method> <!-- launchApplication -->
        <test-method signature="OrderHistoryTest()[pri:0, instance:rahulshettyacademy.tests.SubmitOrderTest@480d3575]" started-at="2024-04-07T22:53:08 IST" name="OrderHistoryTest" finished-at="2024-04-07T22:53:09 IST" depends-on-methods="rahulshettyacademy.tests.SubmitOrderTest.submitOrder" duration-ms="1053" status="PASS">
          <reporter-output>
          </reporter-output>
        </test-method> <!-- OrderHistoryTest -->
        <test-method is-config="true" signature="tearDown()[pri:0, instance:rahulshettyacademy.tests.SubmitOrderTest@480d3575]" started-at="2024-04-07T22:53:09 IST" name="tearDown" finished-at="2024-04-07T22:53:09 IST" duration-ms="201" status="PASS">
          <reporter-output>
          </reporter-output>
        </test-method> <!-- tearDown -->
      </class> <!-- rahulshettyacademy.tests.SubmitOrderTest -->
    </test> <!-- Submit Order Test -->
  </suite> <!-- Suite -->
</testng-results>
